<?xml version="1.0" encoding="UTF-8"?>
<!-- Generated by org.testng.reporters.JUnitReportReporter -->
<testsuite hostname="aishwarya" failures="0" tests="5" name="seleniumpack.flipcart" time="61.592" errors="0" timestamp="07 Sep 2021 21:20:49 GMT" skipped="0">
  <testcase classname="seleniumpack.flipcart" name="testJbkTitle" time="19.084"/>
  <testcase classname="seleniumpack.flipcart" name="testJbkTitleInvalid" time="14.683"/>
  <testcase classname="seleniumpack.flipcart" name="testJbkTitlesubmit" time="17.422"/>
  <testcase classname="seleniumpack.flipcart" name="testJbkTitlescroll" time="6.073"/>
  <testcase classname="seleniumpack.flipcart" name="testJbkTitlecheck" time="4.330"/>
</testsuite> <!-- seleniumpack.flipcart -->
